app/build/intermediates/manifest_merge_blame_file/debug/processDebugMainManifest/manifest-merger-blame-debug-report.txt
1<?xml version="1.0" encoding="utf-8"?>
2<manifest xmlns:android="http://schemas.android.com/apk/res/android"
3    package="com.nimmaguru"
4    android:versionCode="1"
5    android:versionName="1.0" >
6
7    <uses-sdk
8        android:minSdkVersion="26"
9        android:targetSdkVersion="35" />
10
11    <uses-permission android:name="android.permission.INTERNET" />
11-->src/main/AndroidManifest.xml:3:5-67
11-->src/main/AndroidManifest.xml:3:22-64
12
13    <permission
13-->[androidx.core:core:1.13.1] AndroidManifest.xml:22:5-24:47
14        android:name="com.nimmaguru.DYNAMIC_RECEIVER_NOT_EXPORTED_PERMISSION"
14-->[androidx.core:core:1.13.1] AndroidManifest.xml:23:9-81
15        android:protectionLevel="signature" />
15-->[androidx.core:core:1.13.1] AndroidManifest.xml:24:9-44
16
17    <uses-permission android:name="com.nimmaguru.DYNAMIC_RECEIVER_NOT_EXPORTED_PERMISSION" />
17-->[androidx.core:core:1.13.1] AndroidManifest.xml:26:5-97
17-->[androidx.core:core:1.13.1] AndroidManifest.xml:26:22-94
18
19    <application
19-->src/main/AndroidManifest.xml:5:5-39:19
20        android:name="com.nimmaguru.NimmaGuruApp"
20-->src/main/AndroidManifest.xml:6:9-37
21        android:allowBackup="true"
21-->src/main/AndroidManifest.xml:7:9-35
22        android:appComponentFactory="androidx.core.app.CoreComponentFactory"
22-->[androidx.core:core:1.13.1] AndroidManifest.xml:28:18-86
23        android:debuggable="true"
24        android:extractNativeLibs="false"
25        android:icon="@mipmap/ic_launcher"
25-->src/main/AndroidManifest.xml:8:9-43
26        android:label="@string/app_name"
26-->src/main/AndroidManifest.xml:9:9-41
27        android:roundIcon="@mipmap/ic_launcher_round"
27-->src/main/AndroidManifest.xml:10:9-54
28        android:supportsRtl="true"
28-->src/main/AndroidManifest.xml:11:9-35
29        android:testOnly="true"
30        android:theme="@style/Theme.NimmaGuru" >
30-->src/main/AndroidManifest.xml:12:9-47
31        <activity
31-->src/main/AndroidManifest.xml:14:9-20:20
32            android:name="com.nimmaguru.ui.auth.LoginActivity"
32-->src/main/AndroidManifest.xml:14:19-56
33            android:exported="true"
33-->src/main/AndroidManifest.xml:14:57-80
34            android:windowSoftInputMode="adjustResize" >
34-->src/main/AndroidManifest.xml:15:13-55
35            <intent-filter>
35-->src/main/AndroidManifest.xml:16:13-19:29
36                <action android:name="android.intent.action.MAIN" />
36-->src/main/AndroidManifest.xml:17:17-68
36-->src/main/AndroidManifest.xml:17:25-66
37
38                <category android:name="android.intent.category.LAUNCHER" />
38-->src/main/AndroidManifest.xml:18:17-76
38-->src/main/AndroidManifest.xml:18:27-74
39            </intent-filter>
40        </activity>
41        <activity
41-->src/main/AndroidManifest.xml:22:9-23:57
42            android:name="com.nimmaguru.ui.auth.RegisterActivity"
42-->src/main/AndroidManifest.xml:22:19-59
43            android:exported="false"
43-->src/main/AndroidManifest.xml:22:60-84
44            android:windowSoftInputMode="adjustResize" />
44-->src/main/AndroidManifest.xml:23:13-55
45        <activity
45-->src/main/AndroidManifest.xml:24:9-91
46            android:name="com.nimmaguru.ui.guru.GuruDashboardActivity"
46-->src/main/AndroidManifest.xml:24:19-64
47            android:exported="false" />
47-->src/main/AndroidManifest.xml:24:65-89
48        <activity
48-->src/main/AndroidManifest.xml:25:9-26:57
49            android:name="com.nimmaguru.ui.guru.GuruEditProfileActivity"
49-->src/main/AndroidManifest.xml:25:19-66
50            android:exported="false"
50-->src/main/AndroidManifest.xml:25:67-91
51            android:windowSoftInputMode="adjustResize" />
51-->src/main/AndroidManifest.xml:26:13-55
52        <activity
52-->src/main/AndroidManifest.xml:27:9-90
53            android:name="com.nimmaguru.ui.guru.GuruScheduleActivity"
53-->src/main/AndroidManifest.xml:27:19-63
54            android:exported="false" />
54-->src/main/AndroidManifest.xml:27:64-88
55        <activity
55-->src/main/AndroidManifest.xml:28:9-29:57
56            android:name="com.nimmaguru.ui.guru.AddScheduleActivity"
56-->src/main/AndroidManifest.xml:28:19-62
57            android:exported="false"
57-->src/main/AndroidManifest.xml:28:63-87
58            android:windowSoftInputMode="adjustResize" />
58-->src/main/AndroidManifest.xml:29:13-55
59        <activity
59-->src/main/AndroidManifest.xml:30:9-90
60            android:name="com.nimmaguru.ui.guru.ApplicationsActivity"
60-->src/main/AndroidManifest.xml:30:19-63
61            android:exported="false" />
61-->src/main/AndroidManifest.xml:30:64-88
62        <activity
62-->src/main/AndroidManifest.xml:31:9-97
63            android:name="com.nimmaguru.ui.student.StudentDashboardActivity"
63-->src/main/AndroidManifest.xml:31:19-70
64            android:exported="false" />
64-->src/main/AndroidManifest.xml:31:71-95
65        <activity
65-->src/main/AndroidManifest.xml:32:9-89
66            android:name="com.nimmaguru.ui.student.GuruListActivity"
66-->src/main/AndroidManifest.xml:32:19-62
67            android:exported="false" />
67-->src/main/AndroidManifest.xml:32:63-87
68        <activity
68-->src/main/AndroidManifest.xml:33:9-91
69            android:name="com.nimmaguru.ui.student.GuruDetailActivity"
69-->src/main/AndroidManifest.xml:33:19-64
70            android:exported="false" />
70-->src/main/AndroidManifest.xml:33:65-89
71        <activity
71-->src/main/AndroidManifest.xml:34:9-35:57
72            android:name="com.nimmaguru.ui.student.ApplyActivity"
72-->src/main/AndroidManifest.xml:34:19-59
73            android:exported="false"
73-->src/main/AndroidManifest.xml:34:60-84
74            android:windowSoftInputMode="adjustResize" />
74-->src/main/AndroidManifest.xml:35:13-55
75        <activity
75-->src/main/AndroidManifest.xml:36:9-91
76            android:name="com.nimmaguru.ui.student.MyScheduleActivity"
76-->src/main/AndroidManifest.xml:36:19-64
77            android:exported="false" />
77-->src/main/AndroidManifest.xml:36:65-89
78        <activity
78-->src/main/AndroidManifest.xml:37:9-38:57
79            android:name="com.nimmaguru.ui.appreciation.AppreciationActivity"
79-->src/main/AndroidManifest.xml:37:19-71
80            android:exported="false"
80-->src/main/AndroidManifest.xml:37:72-96
81            android:windowSoftInputMode="adjustResize" />
81-->src/main/AndroidManifest.xml:38:13-55
82
83        <provider
83-->[androidx.emoji2:emoji2:1.3.0] AndroidManifest.xml:24:9-32:20
84            android:name="androidx.startup.InitializationProvider"
84-->[androidx.emoji2:emoji2:1.3.0] AndroidManifest.xml:25:13-67
85            android:authorities="com.nimmaguru.androidx-startup"
85-->[androidx.emoji2:emoji2:1.3.0] AndroidManifest.xml:26:13-68
86            android:exported="false" >
86-->[androidx.emoji2:emoji2:1.3.0] AndroidManifest.xml:27:13-37
87            <meta-data
87-->[androidx.emoji2:emoji2:1.3.0] AndroidManifest.xml:29:13-31:52
88                android:name="androidx.emoji2.text.EmojiCompatInitializer"
88-->[androidx.emoji2:emoji2:1.3.0] AndroidManifest.xml:30:17-75
89                android:value="androidx.startup" />
89-->[androidx.emoji2:emoji2:1.3.0] AndroidManifest.xml:31:17-49
90            <meta-data
90-->[io.github.jan-tennert.supabase:auth-kt-android-debug:3.0.0] AndroidManifest.xml:14:13-16:52
91                android:name="io.github.jan.supabase.auth.SupabaseInitializer"
91-->[io.github.jan-tennert.supabase:auth-kt-android-debug:3.0.0] AndroidManifest.xml:15:17-79
92                android:value="androidx.startup" />
92-->[io.github.jan-tennert.supabase:auth-kt-android-debug:3.0.0] AndroidManifest.xml:16:17-49
93            <meta-data
93-->[androidx.lifecycle:lifecycle-process:2.8.6] AndroidManifest.xml:29:13-31:52
94                android:name="androidx.lifecycle.ProcessLifecycleInitializer"
94-->[androidx.lifecycle:lifecycle-process:2.8.6] AndroidManifest.xml:30:17-78
95                android:value="androidx.startup" />
95-->[androidx.lifecycle:lifecycle-process:2.8.6] AndroidManifest.xml:31:17-49
96            <meta-data
96-->[com.russhwolf:multiplatform-settings-no-arg-android-debug:1.2.0] AndroidManifest.xml:29:13-31:52
97                android:name="com.russhwolf.settings.SettingsInitializer"
97-->[com.russhwolf:multiplatform-settings-no-arg-android-debug:1.2.0] AndroidManifest.xml:30:17-74
98                android:value="androidx.startup" />
98-->[com.russhwolf:multiplatform-settings-no-arg-android-debug:1.2.0] AndroidManifest.xml:31:17-49
99            <meta-data
99-->[androidx.profileinstaller:profileinstaller:1.3.1] AndroidManifest.xml:29:13-31:52
100                android:name="androidx.profileinstaller.ProfileInstallerInitializer"
100-->[androidx.profileinstaller:profileinstaller:1.3.1] AndroidManifest.xml:30:17-85
101                android:value="androidx.startup" />
101-->[androidx.profileinstaller:profileinstaller:1.3.1] AndroidManifest.xml:31:17-49
102        </provider>
103
104        <receiver
104-->[androidx.profileinstaller:profileinstaller:1.3.1] AndroidManifest.xml:34:9-52:20
105            android:name="androidx.profileinstaller.ProfileInstallReceiver"
105-->[androidx.profileinstaller:profileinstaller:1.3.1] AndroidManifest.xml:35:13-76
106            android:directBootAware="false"
106-->[androidx.profileinstaller:profileinstaller:1.3.1] AndroidManifest.xml:36:13-44
107            android:enabled="true"
107-->[androidx.profileinstaller:profileinstaller:1.3.1] AndroidManifest.xml:37:13-35
108            android:exported="true"
108-->[androidx.profileinstaller:profileinstaller:1.3.1] AndroidManifest.xml:38:13-36
109            android:permission="android.permission.DUMP" >
109-->[androidx.profileinstaller:profileinstaller:1.3.1] AndroidManifest.xml:39:13-57
110            <intent-filter>
110-->[androidx.profileinstaller:profileinstaller:1.3.1] AndroidManifest.xml:40:13-42:29
111                <action android:name="androidx.profileinstaller.action.INSTALL_PROFILE" />
111-->[androidx.profileinstaller:profileinstaller:1.3.1] AndroidManifest.xml:41:17-91
111-->[androidx.profileinstaller:profileinstaller:1.3.1] AndroidManifest.xml:41:25-88
112            </intent-filter>
113            <intent-filter>
113-->[androidx.profileinstaller:profileinstaller:1.3.1] AndroidManifest.xml:43:13-45:29
114                <action android:name="androidx.profileinstaller.action.SKIP_FILE" />
114-->[androidx.profileinstaller:profileinstaller:1.3.1] AndroidManifest.xml:44:17-85
114-->[androidx.profileinstaller:profileinstaller:1.3.1] AndroidManifest.xml:44:25-82
115            </intent-filter>
116            <intent-filter>
116-->[androidx.profileinstaller:profileinstaller:1.3.1] AndroidManifest.xml:46:13-48:29
117                <action android:name="androidx.profileinstaller.action.SAVE_PROFILE" />
117-->[androidx.profileinstaller:profileinstaller:1.3.1] AndroidManifest.xml:47:17-88
117-->[androidx.profileinstaller:profileinstaller:1.3.1] AndroidManifest.xml:47:25-85
118            </intent-filter>
119            <intent-filter>
119-->[androidx.profileinstaller:profileinstaller:1.3.1] AndroidManifest.xml:49:13-51:29
120                <action android:name="androidx.profileinstaller.action.BENCHMARK_OPERATION" />
120-->[androidx.profileinstaller:profileinstaller:1.3.1] AndroidManifest.xml:50:17-95
120-->[androidx.profileinstaller:profileinstaller:1.3.1] AndroidManifest.xml:50:25-92
121            </intent-filter>
122        </receiver>
123    </application>
124
125</manifest>